<?xml version="1.0" encoding="UTF-8" ?>
<testsuite tests="5" failures="0" name="cilabo.fuzzy.knowledge.membershipParams.MakeParameterTest" time="0.842" errors="0" skipped="0">
  <properties>
    <property name="java.runtime.name" value="Java(TM) SE Runtime Environment"/>
    <property name="sun.boot.library.path" value="C:\Users\hirot\Downloads\IDE\pleiades-4.8.0-java-win-64bit-jre_20180923\pleiades\java\8\jre\bin"/>
    <property name="java.vm.version" value="25.172-b11"/>
    <property name="java.vm.vendor" value="Oracle Corporation"/>
    <property name="maven.multiModuleProjectDirectory" value="C:\Users\hirot\Downloads\MoFGBML_new"/>
    <property name="java.vendor.url" value="http://java.oracle.com/"/>
    <property name="path.separator" value=";"/>
    <property name="guice.disable.misplaced.annotation.check" value="true"/>
    <property name="java.vm.name" value="Java HotSpot(TM) 64-Bit Server VM"/>
    <property name="file.encoding.pkg" value="sun.io"/>
    <property name="user.script" value=""/>
    <property name="user.country" value="JP"/>
    <property name="sun.java.launcher" value="SUN_STANDARD"/>
    <property name="sun.os.patch.level" value=""/>
    <property name="java.vm.specification.name" value="Java Virtual Machine Specification"/>
    <property name="user.dir" value="C:\Users\hirot\Downloads\MoFGBML_new"/>
    <property name="java.runtime.version" value="1.8.0_172-b11"/>
    <property name="java.awt.graphicsenv" value="sun.awt.Win32GraphicsEnvironment"/>
    <property name="java.endorsed.dirs" value="C:\Users\hirot\Downloads\IDE\pleiades-4.8.0-java-win-64bit-jre_20180923\pleiades\java\8\jre\lib\endorsed"/>
    <property name="os.arch" value="amd64"/>
    <property name="java.io.tmpdir" value="C:\Users\hirot\AppData\Local\Temp\"/>
    <property name="line.separator" value="
"/>
    <property name="java.vm.specification.vendor" value="Oracle Corporation"/>
    <property name="user.variant" value=""/>
    <property name="os.name" value="Windows 10"/>
    <property name="classworlds.conf" value="C:\Users\hirot\Downloads\IDE\pleiades-4.8.0-java-win-64bit-jre_20180923\pleiades\sandbox\.metadata\.plugins\org.eclipse.m2e.launching\launches\m2conf1172202355053209651.tmp"/>
    <property name="sun.jnu.encoding" value="MS932"/>
    <property name="java.library.path" value="C:\Users\hirot\Downloads\IDE\pleiades-4.8.0-java-win-64bit-jre_20180923\pleiades\java\8\bin;C:\WINDOWS\Sun\Java\bin;C:\WINDOWS\system32;C:\WINDOWS;C:/Users/hirot/Downloads/IDE/pleiades-4.8.0-java-win-64bit-jre_20180923/pleiades/eclipse/jre/bin/../jre/bin/server;C:/Users/hirot/Downloads/IDE/pleiades-4.8.0-java-win-64bit-jre_20180923/pleiades/eclipse/jre/bin/../jre/bin;C:/Users/hirot/Downloads/IDE/pleiades-4.8.0-java-win-64bit-jre_20180923/pleiades/eclipse/jre/bin/../jre/lib/amd64;C:\Program Files\Common Files\Oracle\Java\javapath;C:\WINDOWS\system32;C:\WINDOWS;C:\WINDOWS\System32\Wbem;C:\WINDOWS\System32\WindowsPowerShell\v1.0\;C:\WINDOWS\System32\OpenSSH\;C:\Program Files (x86)\NVIDIA Corporation\PhysX\Common;C:\Program Files\NVIDIA Corporation\NVIDIA NvDLISR;C:\Program Files (x86)\AOMEI\AOMEI Backupper\6.7.0;C:\Users\hirot\AppData\Local\Microsoft\WindowsApps;;C:\Users\hirot\Downloads\IDE\pleiades-4.8.0-java-win-64bit-jre_20180923\pleiades\eclipse;;."/>
    <property name="java.specification.name" value="Java Platform API Specification"/>
    <property name="java.class.version" value="52.0"/>
    <property name="sun.management.compiler" value="HotSpot 64-Bit Tiered Compilers"/>
    <property name="os.version" value="10.0"/>
    <property name="user.home" value="C:\Users\hirot"/>
    <property name="user.timezone" value="Asia/Tokyo"/>
    <property name="java.awt.printerjob" value="sun.awt.windows.WPrinterJob"/>
    <property name="java.specification.version" value="1.8"/>
    <property name="file.encoding" value="UTF-8"/>
    <property name="user.name" value="hirot"/>
    <property name="java.class.path" value="C:\Users\hirot\Downloads\IDE\pleiades-4.8.0-java-win-64bit-jre_20180923\pleiades\eclipse\plugins\org.eclipse.m2e.maven.runtime_1.9.0.20180606-2035\jars\plexus-classworlds-2.5.2.jar"/>
    <property name="java.vm.specification.version" value="1.8"/>
    <property name="sun.arch.data.model" value="64"/>
    <property name="java.home" value="C:\Users\hirot\Downloads\IDE\pleiades-4.8.0-java-win-64bit-jre_20180923\pleiades\java\8\jre"/>
    <property name="sun.java.command" value="org.codehaus.plexus.classworlds.launcher.Launcher -B install"/>
    <property name="java.specification.vendor" value="Oracle Corporation"/>
    <property name="user.language" value="ja"/>
    <property name="awt.toolkit" value="sun.awt.windows.WToolkit"/>
    <property name="java.vm.info" value="mixed mode"/>
    <property name="java.version" value="1.8.0_172"/>
    <property name="java.ext.dirs" value="C:\Users\hirot\Downloads\IDE\pleiades-4.8.0-java-win-64bit-jre_20180923\pleiades\java\8\jre\lib\ext;C:\WINDOWS\Sun\Java\lib\ext"/>
    <property name="sun.boot.class.path" value="C:\Users\hirot\Downloads\IDE\pleiades-4.8.0-java-win-64bit-jre_20180923\pleiades\java\8\jre\lib\resources.jar;C:\Users\hirot\Downloads\IDE\pleiades-4.8.0-java-win-64bit-jre_20180923\pleiades\java\8\jre\lib\rt.jar;C:\Users\hirot\Downloads\IDE\pleiades-4.8.0-java-win-64bit-jre_20180923\pleiades\java\8\jre\lib\sunrsasign.jar;C:\Users\hirot\Downloads\IDE\pleiades-4.8.0-java-win-64bit-jre_20180923\pleiades\java\8\jre\lib\jsse.jar;C:\Users\hirot\Downloads\IDE\pleiades-4.8.0-java-win-64bit-jre_20180923\pleiades\java\8\jre\lib\jce.jar;C:\Users\hirot\Downloads\IDE\pleiades-4.8.0-java-win-64bit-jre_20180923\pleiades\java\8\jre\lib\charsets.jar;C:\Users\hirot\Downloads\IDE\pleiades-4.8.0-java-win-64bit-jre_20180923\pleiades\java\8\jre\lib\jfr.jar;C:\Users\hirot\Downloads\IDE\pleiades-4.8.0-java-win-64bit-jre_20180923\pleiades\java\8\jre\classes"/>
    <property name="java.vendor" value="Oracle Corporation"/>
    <property name="maven.home" value="C:\Users\hirot\Downloads\MoFGBML_new\EMBEDDED"/>
    <property name="file.separator" value="\"/>
    <property name="java.vendor.url.bug" value="http://bugreport.sun.com/bugreport/"/>
    <property name="sun.cpu.endian" value="little"/>
    <property name="sun.io.unicode.encoding" value="UnicodeLittle"/>
    <property name="sun.desktop" value="windows"/>
    <property name="sun.cpu.isalist" value="amd64"/>
  </properties>
  <testcase classname="cilabo.fuzzy.knowledge.membershipParams.MakeParameterTest" name="testTriangle" time="0.267"/>
  <testcase classname="cilabo.fuzzy.knowledge.membershipParams.MakeParameterTest" name="testGaussian" time="0.151"/>
  <testcase classname="cilabo.fuzzy.knowledge.membershipParams.MakeParameterTest" name="testLinerShape" time="0.145"/>
  <testcase classname="cilabo.fuzzy.knowledge.membershipParams.MakeParameterTest" name="testTrapezoid" time="0.142"/>
  <testcase classname="cilabo.fuzzy.knowledge.membershipParams.MakeParameterTest" name="testRectangle" time="0.137"/>
</testsuite>